[2024-06-06 02:52:19,647] INFO	: {'status_code': 0, 'message': '채점 대기 중...'}
[2024-06-06 02:52:19,649] INFO	: {'status_code': 1, 'message': '컴파일 중...'}
[2024-06-06 02:52:19,691] INFO	: {'status_code': 2, 'message': '채점 중... (10%)'}
[2024-06-06 02:52:19,750] INFO	: {'status_code': 2, 'message': '채점 중... (20%)'}
[2024-06-06 02:52:19,809] INFO	: {'status_code': 2, 'message': '채점 중... (30%)'}
[2024-06-06 02:52:19,868] INFO	: {'status_code': 2, 'message': '채점 중... (40%)'}
[2024-06-06 02:52:19,925] INFO	: {'status_code': 2, 'message': '채점 중... (50%)'}
[2024-06-06 02:52:19,980] INFO	: {'status_code': 2, 'message': '채점 중... (60%)'}
[2024-06-06 02:52:20,039] INFO	: {'status_code': 2, 'message': '채점 중... (70%)'}
[2024-06-06 02:52:20,095] INFO	: {'status_code': 2, 'message': '채점 중... (80%)'}
[2024-06-06 02:52:20,154] INFO	: {'status_code': 2, 'message': '채점 중... (90%)'}
[2024-06-06 02:52:20,214] INFO	: {'status_code': 2, 'message': '채점 중... (100%)'}
[2024-06-06 02:52:20,273] INFO	: {'status_code': 3, 'message': '정답입니다!'}
[2024-06-06 02:57:23,823] INFO	: [34m{'status_code': 0, 'message': '채점 대기 중...'}[0m
[2024-06-06 02:57:23,824] INFO	: [33m{'status_code': 1, 'message': '컴파일 중...'}[0m
[2024-06-06 02:57:23,866] INFO	: [33m{'status_code': 2, 'message': '채점 중... (10%)'}[0m
[2024-06-06 02:57:23,924] INFO	: [33m{'status_code': 2, 'message': '채점 중... (20%)'}[0m
[2024-06-06 02:57:23,978] INFO	: [33m{'status_code': 2, 'message': '채점 중... (30%)'}[0m
[2024-06-06 02:57:24,035] INFO	: [33m{'status_code': 2, 'message': '채점 중... (40%)'}[0m
[2024-06-06 02:57:24,093] INFO	: [33m{'status_code': 2, 'message': '채점 중... (50%)'}[0m
[2024-06-06 02:57:24,153] INFO	: [33m{'status_code': 2, 'message': '채점 중... (60%)'}[0m
[2024-06-06 02:57:24,211] INFO	: [33m{'status_code': 2, 'message': '채점 중... (70%)'}[0m
[2024-06-06 02:57:24,265] INFO	: [33m{'status_code': 2, 'message': '채점 중... (80%)'}[0m
[2024-06-06 02:57:24,321] INFO	: [33m{'status_code': 2, 'message': '채점 중... (90%)'}[0m
[2024-06-06 02:57:24,380] INFO	: [33m{'status_code': 2, 'message': '채점 중... (100%)'}[0m
[2024-06-06 02:57:24,438] INFO	: [32m{'status_code': 3, 'message': '정답입니다!'}[0m
[2024-06-06 02:57:39,242] INFO	: [34m{'status_code': 0, 'message': '채점 대기 중...'}[0m
[2024-06-06 02:59:22,705] INFO	: [34m채점 대기 중...[0m
[2024-06-06 02:59:32,793] INFO	: [34m채점 대기 중...[0m
[2024-06-06 02:59:32,794] INFO	: [33m컴파일 중...[0m
[2024-06-06 02:59:32,839] INFO	: [33m채점 중... (10%)[0m
[2024-06-06 02:59:32,894] INFO	: [33m채점 중... (20%)[0m
[2024-06-06 02:59:32,954] INFO	: [33m채점 중... (30%)[0m
[2024-06-06 02:59:33,010] INFO	: [33m채점 중... (40%)[0m
[2024-06-06 02:59:33,069] INFO	: [33m채점 중... (50%)[0m
[2024-06-06 02:59:33,126] INFO	: [33m채점 중... (60%)[0m
[2024-06-06 02:59:33,184] INFO	: [33m채점 중... (70%)[0m
[2024-06-06 02:59:33,243] INFO	: [33m채점 중... (80%)[0m
[2024-06-06 02:59:33,302] INFO	: [33m채점 중... (90%)[0m
[2024-06-06 02:59:33,362] INFO	: [33m채점 중... (100%)[0m
[2024-06-06 02:59:33,421] INFO	: [32m정답입니다![0m
[2024-06-06 02:59:43,074] INFO	: [34m채점 대기 중...[0m
[2024-06-06 02:59:43,076] INFO	: [33m컴파일 중...[0m
[2024-06-06 02:59:43,121] INFO	: [36m컴파일 에러[0m
[2024-06-06 03:00:01,953] INFO	: [34m채점 대기 중...[0m
[2024-06-06 03:00:01,953] INFO	: [33m컴파일 중...[0m
[2024-06-06 03:00:01,974] INFO	: [33m채점 중... (10%)[0m
[2024-06-06 03:00:02,030] INFO	: [36m런타임 에러[0m
[2024-06-06 03:00:12,202] INFO	: [34m채점 대기 중...[0m
[2024-06-06 03:00:12,203] INFO	: [33m컴파일 중...[0m
[2024-06-06 03:00:12,248] INFO	: [33m채점 중... (10%)[0m
[2024-06-06 03:00:14,285] INFO	: [35m시간 초과[0m
[2024-06-06 03:00:39,094] INFO	: [34m채점 대기 중...[0m
[2024-06-06 03:00:39,095] INFO	: [33m컴파일 중...[0m
[2024-06-06 03:00:39,143] INFO	: [33m채점 중... (10%)[0m
[2024-06-06 03:00:39,201] INFO	: [33m채점 중... (20%)[0m
[2024-06-06 03:00:39,260] INFO	: [33m채점 중... (30%)[0m
[2024-06-06 03:00:39,319] INFO	: [33m채점 중... (40%)[0m
[2024-06-06 03:00:39,377] INFO	: [33m채점 중... (50%)[0m
[2024-06-06 03:00:39,435] INFO	: [33m채점 중... (60%)[0m
[2024-06-06 03:00:39,494] INFO	: [33m채점 중... (70%)[0m
[2024-06-06 03:00:39,552] INFO	: [33m채점 중... (80%)[0m
[2024-06-06 03:00:39,611] INFO	: [33m채점 중... (90%)[0m
[2024-06-06 03:00:39,671] INFO	: [33m채점 중... (100%)[0m
[2024-06-06 03:00:39,728] INFO	: [32m정답입니다![0m
[2024-06-06 03:00:45,869] INFO	: [34m채점 대기 중...[0m
[2024-06-06 03:00:45,870] INFO	: [33m컴파일 중...[0m
[2024-06-06 03:00:45,911] INFO	: [33m채점 중... (10%)[0m
[2024-06-06 03:00:45,968] INFO	: [31m오답입니다.[0m
[2024-06-06 03:02:35,216] INFO	: [34m채점 대기 중...[0m
[2024-06-06 03:02:35,217] INFO	: [33m컴파일 중...[0m
[2024-06-06 03:02:35,246] INFO	: [33m채점 중... (10%)[0m
[2024-06-06 03:02:35,303] INFO	: [31m오답입니다.[0m
[2024-06-06 03:10:14,167] INFO	: ==================== [채점 정보] ====================
[2024-06-06 03:10:14,168] INFO	: 문제 번호: 1
[2024-06-06 03:10:14,169] INFO	: 언어: py
[2024-06-06 03:10:14,169] INFO	: 시간 제한: 2.0
[2024-06-06 03:10:14,169] INFO	: 메모리 제한: 64
[2024-06-06 03:10:14,169] INFO	: 제출 코드
import time
print("Hello, {}".format(input()))
[2024-06-06 03:10:14,170] INFO	: ==================== [채점 현황] ====================
[2024-06-06 03:10:14,170] INFO	: [34m채점 대기 중...[0m
[2024-06-06 03:10:14,171] INFO	: [33m컴파일 중...[0m
[2024-06-06 03:10:14,217] INFO	: [33m채점 중... (10%)[0m
[2024-06-06 03:10:14,275] INFO	: [31m오답입니다.[0m
[2024-06-06 03:10:44,157] INFO	: ==================== [채점 정보] ====================
[2024-06-06 03:10:44,157] INFO	: 문제 번호: 1
[2024-06-06 03:10:44,158] INFO	: 언어: py
[2024-06-06 03:10:44,158] INFO	: 시간 제한: 2.0
[2024-06-06 03:10:44,158] INFO	: 메모리 제한: 64
[2024-06-06 03:10:44,158] INFO	: 제출 코드

import time
print("Hello, {}".format(input()))

[2024-06-06 03:10:44,158] INFO	: ==================== [채점 현황] ====================
[2024-06-06 03:10:44,158] INFO	: [34m채점 대기 중...[0m
[2024-06-06 03:10:44,159] INFO	: [33m컴파일 중...[0m
[2024-06-06 03:10:44,202] INFO	: [33m채점 중... (10%)[0m
[2024-06-06 03:10:44,257] INFO	: [31m오답입니다.[0m
[2024-06-06 03:12:57,192] INFO	: ==================== [채점 정보] ====================
[2024-06-06 03:12:57,193] INFO	: 문제 번호: 1
[2024-06-06 03:12:57,193] INFO	: 언어: py
[2024-06-06 03:12:57,193] INFO	: 시간 제한: 2.0초
[2024-06-06 03:12:57,193] INFO	: 메모리 제한: 64MB
[2024-06-06 03:12:57,193] INFO	: 제출 코드

import time
print("Hello, {}".format(input()))

[2024-06-06 03:12:57,193] INFO	: ==================== [채점 현황] ====================
[2024-06-06 03:12:57,193] INFO	: [34m채점 대기 중...[0m
[2024-06-06 03:12:57,194] INFO	: [33m컴파일 중...[0m
[2024-06-06 03:12:57,237] INFO	: [33m채점 중... (10%)[0m
[2024-06-06 03:12:57,293] INFO	: [31m오답입니다.[0m
[2024-06-06 03:12:57,293] INFO	: ==================== [채점 결과] ====================
[2024-06-06 03:12:57,293] INFO	: 실행 시간: 54ms
[2024-06-06 03:12:57,293] INFO	: ===================================================
[2024-06-06 03:13:05,637] INFO	: ==================== [채점 정보] ====================
[2024-06-06 03:13:05,638] INFO	: 문제 번호: 1
[2024-06-06 03:13:05,638] INFO	: 언어: py
[2024-06-06 03:13:05,638] INFO	: 시간 제한: 2.0초
[2024-06-06 03:13:05,638] INFO	: 메모리 제한: 64MB
[2024-06-06 03:13:05,638] INFO	: 제출 코드

import time
print("Hello, {}".format(input()))

[2024-06-06 03:13:05,638] INFO	: ==================== [채점 현황] ====================
[2024-06-06 03:13:05,638] INFO	: [34m채점 대기 중...[0m
[2024-06-06 03:13:05,639] INFO	: [33m컴파일 중...[0m
[2024-06-06 03:13:05,690] INFO	: [33m채점 중... (10%)[0m
[2024-06-06 03:13:05,747] INFO	: [31m오답입니다.[0m
[2024-06-06 03:13:05,748] INFO	: ==================== [채점 결과] ====================
[2024-06-06 03:13:05,748] INFO	: 실행 시간: 57 ms
[2024-06-06 03:13:05,748] INFO	: ===================================================
[2024-06-06 03:13:47,269] INFO	: ==================== [채점 정보] ====================
[2024-06-06 03:13:47,270] INFO	: 문제 번호: 1
[2024-06-06 03:13:47,270] INFO	: 언어: py
[2024-06-06 03:13:47,270] INFO	: 시간 제한: 2.0초
[2024-06-06 03:13:47,270] INFO	: 메모리 제한: 64MB
[2024-06-06 03:13:47,270] INFO	: 제출 코드

import time
print("Hello, {}".format(input()))

[2024-06-06 03:13:47,270] INFO	: ==================== [채점 현황] ====================
[2024-06-06 03:13:47,271] INFO	: [34m채점 대기 중...[0m
[2024-06-06 03:13:47,271] INFO	: [33m컴파일 중...[0m
[2024-06-06 03:13:47,316] INFO	: [33m채점 중... (10%)[0m
[2024-06-06 03:13:47,374] INFO	: [31m오답입니다.[0m
[2024-06-06 03:13:47,374] INFO	: ==================== [채점 결과] ====================
[2024-06-06 03:13:47,374] INFO	: 실행 시간: 57 ms
[2024-06-06 03:13:47,374] INFO	: 사용 메모리: 352 KB
[2024-06-06 03:13:47,375] INFO	: =====================================================
[2024-06-06 03:14:32,114] INFO	: ==================== [채점 정보] ====================
[2024-06-06 03:14:32,114] INFO	: 문제 번호: 1
[2024-06-06 03:14:32,114] INFO	: 언어: py
[2024-06-06 03:14:32,114] INFO	: 시간 제한: 2.0초
[2024-06-06 03:14:32,114] INFO	: 메모리 제한: 64MB
[2024-06-06 03:14:32,115] INFO	: 제출 코드

import time
print("Hello, {}".format(input()))

[2024-06-06 03:14:32,115] INFO	: ==================== [채점 현황] ====================
[2024-06-06 03:14:32,115] INFO	: [34m채점 대기 중...[0m
[2024-06-06 03:14:32,116] INFO	: [33m컴파일 중...[0m
[2024-06-06 03:14:32,162] INFO	: [33m채점 중... (10%)[0m
[2024-06-06 03:14:32,221] INFO	: [31m오답입니다.[0m
[2024-06-06 03:14:32,221] INFO	: ==================== [채점 결과] ====================
[2024-06-06 03:14:32,221] INFO	: 실행 시간: 57 ms
[2024-06-06 03:14:32,221] INFO	: 사용 메모리: 320 KB
[2024-06-06 03:14:32,221] INFO	: 코드 길이: 46 B
[2024-06-06 03:14:32,221] INFO	: =====================================================
[2024-06-06 03:14:57,030] INFO	: ==================== [채점 정보] ====================
[2024-06-06 03:14:57,030] INFO	: 문제 번호: 1
[2024-06-06 03:14:57,030] INFO	: 언어: py
[2024-06-06 03:14:57,030] INFO	: 시간 제한: 2.0초
[2024-06-06 03:14:57,031] INFO	: 메모리 제한: 64MB
[2024-06-06 03:14:57,031] INFO	: 제출 코드

import time
print("Hello, {}".format(input()))

[2024-06-06 03:14:57,031] INFO	: ==================== [채점 현황] ====================
[2024-06-06 03:14:57,031] INFO	: [34m채점 대기 중...[0m
[2024-06-06 03:14:57,031] INFO	: [33m컴파일 중...[0m
[2024-06-06 03:14:57,070] INFO	: [33m채점 중... (10%)[0m
[2024-06-06 03:14:57,128] INFO	: [31m오답입니다.[0m
[2024-06-06 03:14:57,129] INFO	: ==================== [채점 결과] ====================
[2024-06-06 03:14:57,129] INFO	: 실행 시간: 57 ms
[2024-06-06 03:14:57,129] INFO	: 사용 메모리: 208 KB
[2024-06-06 03:14:57,129] INFO	: 코드 길이: 46 B
[2024-06-06 03:14:57,129] INFO	: 채점 결과: [Wrong Answer] Testcase #1 Failed: line 1, 2 th token not matched
[2024-06-06 03:14:57,129] INFO	: =====================================================
[2024-06-06 03:18:59,912] INFO	: ==================== [채점 정보] ====================
[2024-06-06 03:18:59,913] INFO	: 문제 번호: 1
[2024-06-06 03:18:59,913] INFO	: 언어: py
[2024-06-06 03:18:59,913] INFO	: 시간 제한: 2.0초
[2024-06-06 03:18:59,914] INFO	: 메모리 제한: 64MB
[2024-06-06 03:18:59,914] INFO	: 제출 코드

import time
print("Hello, {}".format(input()))

[2024-06-06 03:18:59,914] INFO	: ==================== [채점 현황] ====================
[2024-06-06 03:18:59,914] INFO	: [34m채점 대기 중...[0m
[2024-06-06 03:18:59,916] INFO	: [33m컴파일 중...[0m
[2024-06-06 03:18:59,959] INFO	: [33m채점 중... (10%)[0m
[2024-06-06 03:19:00,019] INFO	: [31m오답입니다.[0m
[2024-06-06 03:19:00,019] INFO	: ==================== [채점 결과] ====================
[2024-06-06 03:19:00,019] INFO	: 실행 시간: 59 ms
[2024-06-06 03:19:00,019] INFO	: 사용 메모리: 448 KB
[2024-06-06 03:19:00,019] INFO	: 코드 길이: 46 B
[2024-06-06 03:19:00,019] INFO	: 채점 결과: [Wrong Answer] Testcase #1 Failed: line 1, 2 th token not matched
[2024-06-06 03:19:00,019] INFO	: 테스트케이스 세부 결과:
[테스트케이스 1] 오답입니다. (실행 시간: 59 ms, 사용 메모리: 448 KB, 채점 결과: line 1, 2 th token not matched)

[2024-06-06 03:19:00,019] INFO	: =====================================================
[2024-06-06 03:19:27,459] INFO	: ==================== [채점 정보] ====================
[2024-06-06 03:19:27,460] INFO	: 문제 번호: 1
[2024-06-06 03:19:27,460] INFO	: 언어: py
[2024-06-06 03:19:27,460] INFO	: 시간 제한: 2.0초
[2024-06-06 03:19:27,460] INFO	: 메모리 제한: 64MB
[2024-06-06 03:19:27,460] INFO	: 제출 코드

import time
print("Hello, {}".format(input()))

[2024-06-06 03:19:27,460] INFO	: ==================== [채점 현황] ====================
[2024-06-06 03:19:27,461] INFO	: [34m채점 대기 중...[0m
[2024-06-06 03:19:27,461] INFO	: [33m컴파일 중...[0m
[2024-06-06 03:19:27,502] INFO	: [33m채점 중... (10%)[0m
[2024-06-06 03:19:27,560] INFO	: [31m오답입니다.[0m
[2024-06-06 03:19:27,560] INFO	: ==================== [채점 결과] ====================
[2024-06-06 03:19:27,560] INFO	: 실행 시간: 57 ms
[2024-06-06 03:19:27,560] INFO	: 사용 메모리: 208 KB
[2024-06-06 03:19:27,560] INFO	: 코드 길이: 46 B
[2024-06-06 03:19:27,560] INFO	: 채점 결과: [Wrong Answer] Testcase #1 Failed: line 1, 2 th token not matched
[2024-06-06 03:19:27,560] INFO	: 테스트케이스 세부 결과:
[테스트케이스 1] 오답입니다. (57 ms, 208 KB, 'line 1, 2 th token not matched')

[2024-06-06 03:19:27,560] INFO	: =====================================================
[2024-06-06 03:19:53,742] INFO	: ==================== [채점 정보] ====================
[2024-06-06 03:19:53,742] INFO	: 문제 번호: 1
[2024-06-06 03:19:53,743] INFO	: 언어: py
[2024-06-06 03:19:53,743] INFO	: 시간 제한: 2.0초
[2024-06-06 03:19:53,743] INFO	: 메모리 제한: 64MB
[2024-06-06 03:19:53,743] INFO	: 제출 코드

import time
print("Hello, {}".format(input()))

[2024-06-06 03:19:53,743] INFO	: ==================== [채점 현황] ====================
[2024-06-06 03:19:53,743] INFO	: [34m채점 대기 중...[0m
[2024-06-06 03:19:53,744] INFO	: [33m컴파일 중...[0m
[2024-06-06 03:19:53,790] INFO	: [33m채점 중... (10%)[0m
[2024-06-06 03:19:53,848] INFO	: [31m오답입니다.[0m
[2024-06-06 03:19:53,848] INFO	: ==================== [채점 결과] ====================
[2024-06-06 03:19:53,848] INFO	: 실행 시간: 57 ms
[2024-06-06 03:19:53,848] INFO	: 사용 메모리: 208 KB
[2024-06-06 03:19:53,848] INFO	: 코드 길이: 46 B
[2024-06-06 03:19:53,848] INFO	: 채점 결과: [Wrong Answer] Testcase #1 Failed: line 1, 2 th token not matched
[2024-06-06 03:19:53,848] INFO	: 테스트케이스 세부 결과:
[테스트케이스 1] 오답입니다. (57 ms, 208 KB, 'line 1, 2 th token not matched')
[2024-06-06 03:19:53,848] INFO	: =====================================================
[2024-06-06 03:24:21,371] INFO	: ==================== [채점 정보] ====================
[2024-06-06 03:24:21,372] INFO	: 문제 번호: 1
[2024-06-06 03:24:21,372] INFO	: 언어: py
[2024-06-06 03:24:21,372] INFO	: 시간 제한: 2.0초
[2024-06-06 03:24:21,373] INFO	: 메모리 제한: 64MB
[2024-06-06 03:24:21,373] INFO	: 제출 코드

import time
print("Hello, {}".format(input()))

[2024-06-06 03:24:21,373] INFO	: ==================== [채점 현황] ====================
[2024-06-06 03:24:21,373] INFO	: [34m채점 대기 중...[0m
[2024-06-06 03:24:21,375] INFO	: [33m컴파일 중...[0m
[2024-06-06 03:24:21,412] INFO	: [33m채점 중... (10%)[0m
[2024-06-06 03:24:21,467] INFO	: [31m오답입니다.[0m
[2024-06-06 03:24:21,468] INFO	: ==================== [채점 결과] ====================
[2024-06-06 03:24:21,468] INFO	: 최종 채점 결과: [31m틀렸습니다.[0m
[2024-06-06 03:24:21,468] INFO	: 실행 시간: 54 ms
[2024-06-06 03:24:21,468] INFO	: 사용 메모리: 224 KB
[2024-06-06 03:24:21,468] INFO	: 코드 길이: 46 B
[2024-06-06 03:24:21,468] INFO	: 채점 결과: [Wrong Answer] Testcase #1 Failed: line 1, 2 th token not matched
[2024-06-06 03:24:21,468] INFO	: 테스트케이스 세부 결과:
[테스트케이스 1] 오답입니다. (54 ms, 224 KB, 'line 1, 2 th token not matched')
[2024-06-06 03:24:21,468] INFO	: =====================================================
[2024-06-06 03:24:38,978] INFO	: ==================== [채점 정보] ====================
[2024-06-06 03:24:38,978] INFO	: 문제 번호: 1
[2024-06-06 03:24:38,978] INFO	: 언어: py
[2024-06-06 03:24:38,978] INFO	: 시간 제한: 2.0초
[2024-06-06 03:24:38,979] INFO	: 메모리 제한: 64MB
[2024-06-06 03:24:38,979] INFO	: 제출 코드

import time
print("Hello, {}!".format(input()))

[2024-06-06 03:24:38,979] INFO	: ==================== [채점 현황] ====================
[2024-06-06 03:24:38,979] INFO	: [34m채점 대기 중...[0m
[2024-06-06 03:24:38,980] INFO	: [33m컴파일 중...[0m
[2024-06-06 03:24:39,027] INFO	: [33m채점 중... (10%)[0m
[2024-06-06 03:24:39,081] INFO	: [33m채점 중... (20%)[0m
[2024-06-06 03:24:39,140] INFO	: [33m채점 중... (30%)[0m
[2024-06-06 03:24:39,199] INFO	: [33m채점 중... (40%)[0m
[2024-06-06 03:24:39,258] INFO	: [33m채점 중... (50%)[0m
[2024-06-06 03:24:39,317] INFO	: [33m채점 중... (60%)[0m
[2024-06-06 03:24:39,371] INFO	: [33m채점 중... (70%)[0m
[2024-06-06 03:24:39,432] INFO	: [33m채점 중... (80%)[0m
[2024-06-06 03:24:39,490] INFO	: [33m채점 중... (90%)[0m
[2024-06-06 03:24:39,548] INFO	: [33m채점 중... (100%)[0m
[2024-06-06 03:24:39,606] INFO	: [32m정답입니다![0m
[2024-06-06 03:24:39,606] INFO	: ==================== [채점 결과] ====================
[2024-06-06 03:24:39,606] INFO	: 최종 채점 결과: [31m틀렸습니다.[0m
[2024-06-06 03:24:39,606] INFO	: 실행 시간: 57 ms
[2024-06-06 03:24:39,606] INFO	: 사용 메모리: 352 KB
[2024-06-06 03:24:39,606] INFO	: 코드 길이: 47 B
[2024-06-06 03:24:39,606] INFO	: 채점 결과: [Accepted] All Testcases Passed!
[2024-06-06 03:24:39,606] INFO	: 테스트케이스 세부 결과:
[테스트케이스 1] 정답입니다! (53 ms, 208 KB, 'all 2 lines, 3 tokens all matched')
[테스트케이스 2] 정답입니다! (57 ms, 208 KB, 'all 2 lines, 3 tokens all matched')
[테스트케이스 3] 정답입니다! (56 ms, 352 KB, 'all 2 lines, 3 tokens all matched')
[테스트케이스 4] 정답입니다! (57 ms, 256 KB, 'all 2 lines, 3 tokens all matched')
[테스트케이스 5] 정답입니다! (57 ms, 208 KB, 'all 2 lines, 3 tokens all matched')
[테스트케이스 6] 정답입니다! (52 ms, 240 KB, 'all 2 lines, 3 tokens all matched')
[테스트케이스 7] 정답입니다! (57 ms, 208 KB, 'all 2 lines, 3 tokens all matched')
[테스트케이스 8] 정답입니다! (56 ms, 224 KB, 'all 2 lines, 3 tokens all matched')
[테스트케이스 9] 정답입니다! (56 ms, 208 KB, 'all 2 lines, 3 tokens all matched')
[테스트케이스 10] 정답입니다! (56 ms, 208 KB, 'all 2 lines, 3 tokens all matched')
[2024-06-06 03:24:39,607] INFO	: =====================================================
[2024-06-06 03:26:28,282] INFO	: ==================== [채점 정보] ====================
[2024-06-06 03:26:28,282] INFO	: 문제 번호: 1
[2024-06-06 03:26:28,282] INFO	: 언어: py
[2024-06-06 03:26:28,282] INFO	: 시간 제한: 2.0초
[2024-06-06 03:26:28,282] INFO	: 메모리 제한: 64MB
[2024-06-06 03:26:28,282] INFO	: 제출 코드

import time
print("Hello, {}!".format(input()))

[2024-06-06 03:26:28,283] INFO	: ==================== [채점 현황] ====================
[2024-06-06 03:26:28,284] INFO	: [34m채점 대기 중...[0m
[2024-06-06 03:26:28,285] INFO	: [33m컴파일 중...[0m
[2024-06-06 03:26:28,335] INFO	: [33m채점 중... (10%)[0m
[2024-06-06 03:26:28,393] INFO	: [33m채점 중... (20%)[0m
[2024-06-06 03:26:28,452] INFO	: [33m채점 중... (30%)[0m
[2024-06-06 03:26:28,512] INFO	: [33m채점 중... (40%)[0m
[2024-06-06 03:26:28,571] INFO	: [33m채점 중... (50%)[0m
[2024-06-06 03:26:28,630] INFO	: [33m채점 중... (60%)[0m
[2024-06-06 03:26:28,689] INFO	: [33m채점 중... (70%)[0m
[2024-06-06 03:26:28,748] INFO	: [33m채점 중... (80%)[0m
[2024-06-06 03:26:28,808] INFO	: [33m채점 중... (90%)[0m
[2024-06-06 03:26:28,866] INFO	: [33m채점 중... (100%)[0m
[2024-06-06 03:26:28,925] INFO	: [32m정답입니다![0m
[2024-06-06 03:26:28,925] INFO	: ==================== [채점 결과] ====================
[2024-06-06 03:26:28,925] INFO	: 최종 채점 결과: [32m정답입니다![0m
[2024-06-06 03:26:28,925] INFO	: 실행 시간: 58 ms
[2024-06-06 03:26:28,925] INFO	: 사용 메모리: 256 KB
[2024-06-06 03:26:28,925] INFO	: 코드 길이: 47 B
[2024-06-06 03:26:28,925] INFO	: 채점 결과: [Accepted] All Testcases Passed!
[2024-06-06 03:26:28,925] INFO	: 테스트케이스 세부 결과:
[테스트케이스 1] 정답입니다! (57 ms, 224 KB, 'all 2 lines, 3 tokens all matched')
[테스트케이스 2] 정답입니다! (57 ms, 208 KB, 'all 2 lines, 3 tokens all matched')
[테스트케이스 3] 정답입니다! (57 ms, 208 KB, 'all 2 lines, 3 tokens all matched')
[테스트케이스 4] 정답입니다! (57 ms, 208 KB, 'all 2 lines, 3 tokens all matched')
[테스트케이스 5] 정답입니다! (57 ms, 256 KB, 'all 2 lines, 3 tokens all matched')
[테스트케이스 6] 정답입니다! (58 ms, 208 KB, 'all 2 lines, 3 tokens all matched')
[테스트케이스 7] 정답입니다! (57 ms, 208 KB, 'all 2 lines, 3 tokens all matched')
[테스트케이스 8] 정답입니다! (57 ms, 208 KB, 'all 2 lines, 3 tokens all matched')
[테스트케이스 9] 정답입니다! (57 ms, 224 KB, 'all 2 lines, 3 tokens all matched')
[테스트케이스 10] 정답입니다! (57 ms, 208 KB, 'all 2 lines, 3 tokens all matched')
[2024-06-06 03:26:28,925] INFO	: =====================================================
[2024-06-06 03:26:59,854] INFO	: ==================== [채점 정보] ====================
[2024-06-06 03:26:59,855] INFO	: 문제 번호: 1
[2024-06-06 03:26:59,855] INFO	: 언어: py
[2024-06-06 03:26:59,856] INFO	: 시간 제한: 2.0초
[2024-06-06 03:26:59,856] INFO	: 메모리 제한: 64MB
[2024-06-06 03:26:59,856] INFO	: 제출 코드

import time
print("Hello, {}!".format(input()))
time.sleep(1)

[2024-06-06 03:26:59,856] INFO	: ==================== [채점 현황] ====================
[2024-06-06 03:26:59,856] INFO	: [34m채점 대기 중...[0m
[2024-06-06 03:26:59,857] INFO	: [33m컴파일 중...[0m
[2024-06-06 03:26:59,909] INFO	: [33m채점 중... (10%)[0m
[2024-06-06 03:27:00,942] INFO	: [33m채점 중... (20%)[0m
[2024-06-06 03:27:01,974] INFO	: [33m채점 중... (30%)[0m
[2024-06-06 03:27:03,063] INFO	: [33m채점 중... (40%)[0m
[2024-06-06 03:27:04,138] INFO	: [33m채점 중... (50%)[0m
[2024-06-06 03:27:05,221] INFO	: [33m채점 중... (60%)[0m
[2024-06-06 03:27:06,265] INFO	: [33m채점 중... (70%)[0m
[2024-06-06 03:27:07,341] INFO	: [33m채점 중... (80%)[0m
[2024-06-06 03:27:08,433] INFO	: [33m채점 중... (90%)[0m
[2024-06-06 03:27:09,521] INFO	: [33m채점 중... (100%)[0m
[2024-06-06 03:27:10,559] INFO	: [32m정답입니다![0m
[2024-06-06 03:27:10,559] INFO	: ==================== [채점 결과] ====================
[2024-06-06 03:27:10,559] INFO	: 최종 채점 결과: [32m정답입니다![0m
[2024-06-06 03:27:10,559] INFO	: 실행 시간: 1090 ms
[2024-06-06 03:27:10,559] INFO	: 사용 메모리: 8208 KB
[2024-06-06 03:27:10,559] INFO	: 코드 길이: 61 B
[2024-06-06 03:27:10,559] INFO	: 채점 결과: [Accepted] All Testcases Passed!
[2024-06-06 03:27:10,559] INFO	: 테스트케이스 세부 결과:
[테스트케이스 1] 정답입니다! (1031 ms, 8032 KB, 'all 2 lines, 3 tokens all matched')
[테스트케이스 2] 정답입니다! (1030 ms, 7904 KB, 'all 2 lines, 3 tokens all matched')
[테스트케이스 3] 정답입니다! (1085 ms, 7760 KB, 'all 2 lines, 3 tokens all matched')
[테스트케이스 4] 정답입니다! (1073 ms, 7904 KB, 'all 2 lines, 3 tokens all matched')
[테스트케이스 5] 정답입니다! (1080 ms, 8032 KB, 'all 2 lines, 3 tokens all matched')
[테스트케이스 6] 정답입니다! (1042 ms, 8208 KB, 'all 2 lines, 3 tokens all matched')
[테스트케이스 7] 정답입니다! (1073 ms, 7728 KB, 'all 2 lines, 3 tokens all matched')
[테스트케이스 8] 정답입니다! (1090 ms, 7936 KB, 'all 2 lines, 3 tokens all matched')
[테스트케이스 9] 정답입니다! (1085 ms, 7760 KB, 'all 2 lines, 3 tokens all matched')
[테스트케이스 10] 정답입니다! (1035 ms, 7760 KB, 'all 2 lines, 3 tokens all matched')
[2024-06-06 03:27:10,560] INFO	: =====================================================
[2024-06-06 03:27:37,860] INFO	: ==================== [채점 정보] ====================
[2024-06-06 03:27:37,860] INFO	: 문제 번호: 1
[2024-06-06 03:27:37,860] INFO	: 언어: py
[2024-06-06 03:27:37,860] INFO	: 시간 제한: 2.0초
[2024-06-06 03:27:37,860] INFO	: 메모리 제한: 64MB
[2024-06-06 03:27:37,860] INFO	: 제출 코드

import time
print("Hello, {}!".format(input()))
time.sleep(1.8)

[2024-06-06 03:27:37,860] INFO	: ==================== [채점 현황] ====================
[2024-06-06 03:27:37,860] INFO	: [34m채점 대기 중...[0m
[2024-06-06 03:27:37,861] INFO	: [33m컴파일 중...[0m
[2024-06-06 03:27:37,906] INFO	: [33m채점 중... (10%)[0m
[2024-06-06 03:27:39,739] INFO	: [33m채점 중... (20%)[0m
[2024-06-06 03:27:41,637] INFO	: [33m채점 중... (30%)[0m
[2024-06-06 03:27:43,522] INFO	: [33m채점 중... (40%)[0m
[2024-06-06 03:27:45,404] INFO	: [33m채점 중... (50%)[0m
[2024-06-06 03:27:47,249] INFO	: [33m채점 중... (60%)[0m
[2024-06-06 03:27:49,101] INFO	: [33m채점 중... (70%)[0m
[2024-06-06 03:27:50,943] INFO	: [33m채점 중... (80%)[0m
[2024-06-06 03:27:52,820] INFO	: [33m채점 중... (90%)[0m
[2024-06-06 03:27:54,661] INFO	: [33m채점 중... (100%)[0m
[2024-06-06 03:27:56,538] INFO	: [32m정답입니다![0m
[2024-06-06 03:27:56,539] INFO	: ==================== [채점 결과] ====================
[2024-06-06 03:27:56,539] INFO	: 최종 채점 결과: [32m정답입니다![0m
[2024-06-06 03:27:56,539] INFO	: 실행 시간: 1895 ms
[2024-06-06 03:27:56,539] INFO	: 사용 메모리: 8032 KB
[2024-06-06 03:27:56,539] INFO	: 코드 길이: 63 B
[2024-06-06 03:27:56,539] INFO	: 채점 결과: [Accepted] All Testcases Passed!
[2024-06-06 03:27:56,540] INFO	: 테스트케이스 세부 결과:
[테스트케이스 1] 정답입니다! (1831 ms, 8032 KB, 'all 2 lines, 3 tokens all matched')
[테스트케이스 2] 정답입니다! (1895 ms, 7920 KB, 'all 2 lines, 3 tokens all matched')
[테스트케이스 3] 정답입니다! (1883 ms, 7920 KB, 'all 2 lines, 3 tokens all matched')
[테스트케이스 4] 정답입니다! (1880 ms, 7920 KB, 'all 2 lines, 3 tokens all matched')
[테스트케이스 5] 정답입니다! (1843 ms, 7920 KB, 'all 2 lines, 3 tokens all matched')
[테스트케이스 6] 정답입니다! (1850 ms, 7888 KB, 'all 2 lines, 3 tokens all matched')
[테스트케이스 7] 정답입니다! (1840 ms, 7920 KB, 'all 2 lines, 3 tokens all matched')
[테스트케이스 8] 정답입니다! (1875 ms, 7920 KB, 'all 2 lines, 3 tokens all matched')
[테스트케이스 9] 정답입니다! (1839 ms, 7888 KB, 'all 2 lines, 3 tokens all matched')
[테스트케이스 10] 정답입니다! (1876 ms, 7920 KB, 'all 2 lines, 3 tokens all matched')
[2024-06-06 03:27:56,540] INFO	: =====================================================
[2024-06-06 03:28:53,530] INFO	: ==================== [채점 정보] ====================
[2024-06-06 03:28:53,531] INFO	: 문제 번호: 1
[2024-06-06 03:28:53,531] INFO	: 언어: py
[2024-06-06 03:28:53,531] INFO	: 시간 제한: 2.0초
[2024-06-06 03:28:53,531] INFO	: 메모리 제한: 64MB
[2024-06-06 03:28:53,532] INFO	: 제출 코드

import time
print("Hello, {}!".format(input()))

[2024-06-06 03:28:53,532] INFO	: ==================== [채점 현황] ====================
[2024-06-06 03:28:53,532] INFO	: [34m채점 대기 중...[0m
[2024-06-06 03:28:53,533] INFO	: [36m컴파일 중...[0m
[2024-06-06 03:28:53,584] INFO	: [36m채점 중... (10%)[0m
[2024-06-06 03:28:53,642] INFO	: [36m채점 중... (20%)[0m
[2024-06-06 03:28:53,699] INFO	: [36m채점 중... (30%)[0m
[2024-06-06 03:28:53,759] INFO	: [36m채점 중... (40%)[0m
[2024-06-06 03:28:53,818] INFO	: [36m채점 중... (50%)[0m
[2024-06-06 03:28:53,874] INFO	: [36m채점 중... (60%)[0m
[2024-06-06 03:28:53,932] INFO	: [36m채점 중... (70%)[0m
[2024-06-06 03:28:53,992] INFO	: [36m채점 중... (80%)[0m
[2024-06-06 03:28:54,046] INFO	: [36m채점 중... (90%)[0m
[2024-06-06 03:28:54,103] INFO	: [36m채점 중... (100%)[0m
[2024-06-06 03:28:54,159] INFO	: [32m정답입니다![0m
[2024-06-06 03:28:54,159] INFO	: ==================== [채점 결과] ====================
[2024-06-06 03:28:54,159] INFO	: 최종 채점 결과: [32m정답입니다![0m
[2024-06-06 03:28:54,159] INFO	: 실행 시간: 58 ms
[2024-06-06 03:28:54,159] INFO	: 사용 메모리: 672 KB
[2024-06-06 03:28:54,159] INFO	: 코드 길이: 47 B
[2024-06-06 03:28:54,160] INFO	: 채점 결과: [Accepted] All Testcases Passed!
[2024-06-06 03:28:54,160] INFO	: 테스트케이스 세부 결과:
[테스트케이스 1] 정답입니다! (57 ms, 352 KB, 'all 2 lines, 3 tokens all matched')
[테스트케이스 2] 정답입니다! (53 ms, 208 KB, 'all 2 lines, 3 tokens all matched')
[테스트케이스 3] 정답입니다! (57 ms, 464 KB, 'all 2 lines, 3 tokens all matched')
[테스트케이스 4] 정답입니다! (57 ms, 208 KB, 'all 2 lines, 3 tokens all matched')
[테스트케이스 5] 정답입니다! (54 ms, 208 KB, 'all 2 lines, 3 tokens all matched')
[테스트케이스 6] 정답입니다! (56 ms, 208 KB, 'all 2 lines, 3 tokens all matched')
[테스트케이스 7] 정답입니다! (58 ms, 432 KB, 'all 2 lines, 3 tokens all matched')
[테스트케이스 8] 정답입니다! (52 ms, 256 KB, 'all 2 lines, 3 tokens all matched')
[테스트케이스 9] 정답입니다! (57 ms, 672 KB, 'all 2 lines, 3 tokens all matched')
[테스트케이스 10] 정답입니다! (55 ms, 224 KB, 'all 2 lines, 3 tokens all matched')
[2024-06-06 03:28:54,160] INFO	: =====================================================
[2024-06-06 03:31:55,527] INFO	: ==================== [채점 정보] ====================
[2024-06-06 03:31:55,527] INFO	: 문제 번호: 1
[2024-06-06 03:31:55,527] INFO	: 언어: py
[2024-06-06 03:31:55,527] INFO	: 시간 제한: 2.0초
[2024-06-06 03:31:55,527] INFO	: 메모리 제한: 64MB
[2024-06-06 03:31:55,527] INFO	: 제출 코드

import time
print("Hello, {}!".format(input()))

[2024-06-06 03:31:55,528] INFO	: ==================== [채점 현황] ====================
[2024-06-06 03:31:55,528] INFO	: [32m채점 대기 중...[0m
[2024-06-06 03:31:55,529] INFO	: [31m컴파일 중...[0m
[2024-06-06 03:31:55,575] INFO	: [35m채점 중... (10%)[0m
[2024-06-06 03:31:55,628] INFO	: [35m채점 중... (20%)[0m
[2024-06-06 03:31:55,687] INFO	: [35m채점 중... (30%)[0m
[2024-06-06 03:31:55,742] INFO	: [35m채점 중... (40%)[0m
[2024-06-06 03:31:55,801] INFO	: [35m채점 중... (50%)[0m
[2024-06-06 03:31:55,860] INFO	: [35m채점 중... (60%)[0m
[2024-06-06 03:31:55,919] INFO	: [35m채점 중... (70%)[0m
[2024-06-06 03:31:55,971] INFO	: [35m채점 중... (80%)[0m
[2024-06-06 03:31:56,030] INFO	: [35m채점 중... (90%)[0m
[2024-06-06 03:31:56,089] INFO	: [35m채점 중... (100%)[0m
[2024-06-06 03:31:56,147] INFO	: [35m정답입니다![0m
[2024-06-06 03:31:56,148] INFO	: ==================== [채점 결과] ====================
[2024-06-06 03:31:56,148] INFO	: 최종 채점 결과: [32m정답입니다![0m
[2024-06-06 03:31:56,148] INFO	: 실행 시간: 57 ms
[2024-06-06 03:31:56,148] INFO	: 사용 메모리: 240 KB
[2024-06-06 03:31:56,148] INFO	: 코드 길이: 47 B
[2024-06-06 03:31:56,148] INFO	: 채점 결과: [Accepted] All Testcases Passed!
[2024-06-06 03:31:56,148] INFO	: 테스트케이스 세부 결과:
[테스트케이스 1] 정답입니다! (52 ms, 224 KB, 'all 2 lines, 3 tokens all matched')
[테스트케이스 2] 정답입니다! (57 ms, 208 KB, 'all 2 lines, 3 tokens all matched')
[테스트케이스 3] 정답입니다! (53 ms, 208 KB, 'all 2 lines, 3 tokens all matched')
[테스트케이스 4] 정답입니다! (57 ms, 240 KB, 'all 2 lines, 3 tokens all matched')
[테스트케이스 5] 정답입니다! (57 ms, 208 KB, 'all 2 lines, 3 tokens all matched')
[테스트케이스 6] 정답입니다! (57 ms, 208 KB, 'all 2 lines, 3 tokens all matched')
[테스트케이스 7] 정답입니다! (52 ms, 208 KB, 'all 2 lines, 3 tokens all matched')
[테스트케이스 8] 정답입니다! (57 ms, 208 KB, 'all 2 lines, 3 tokens all matched')
[테스트케이스 9] 정답입니다! (57 ms, 208 KB, 'all 2 lines, 3 tokens all matched')
[테스트케이스 10] 정답입니다! (57 ms, 208 KB, 'all 2 lines, 3 tokens all matched')
[2024-06-06 03:31:56,148] INFO	: =====================================================
[2024-06-06 03:33:29,587] INFO	: ==================== [채점 정보] ====================
[2024-06-06 03:33:29,588] INFO	: 문제 번호: 1
[2024-06-06 03:33:29,588] INFO	: 언어: py
[2024-06-06 03:33:29,588] INFO	: 시간 제한: 2.0초
[2024-06-06 03:33:29,588] INFO	: 메모리 제한: 64MB
[2024-06-06 03:33:29,588] INFO	: 제출 코드

import time
print("Hello, {}!".format(input()))

[2024-06-06 03:33:29,588] INFO	: ==================== [채점 현황] ====================
[2024-06-06 03:33:29,588] INFO	: [34m채점 대기 중...[0m
[2024-06-06 03:33:29,589] INFO	: [33m컴파일 중...[0m
[2024-06-06 03:33:29,636] INFO	: [33m채점 중... (10%)[0m
[2024-06-06 03:33:29,694] INFO	: [33m채점 중... (20%)[0m
[2024-06-06 03:33:29,753] INFO	: [33m채점 중... (30%)[0m
[2024-06-06 03:33:29,813] INFO	: [33m채점 중... (40%)[0m
[2024-06-06 03:33:29,873] INFO	: [33m채점 중... (50%)[0m
[2024-06-06 03:33:29,932] INFO	: [33m채점 중... (60%)[0m
[2024-06-06 03:33:29,991] INFO	: [33m채점 중... (70%)[0m
[2024-06-06 03:33:30,050] INFO	: [33m채점 중... (80%)[0m
[2024-06-06 03:33:30,109] INFO	: [33m채점 중... (90%)[0m
[2024-06-06 03:33:30,168] INFO	: [33m채점 중... (100%)[0m
[2024-06-06 03:33:30,226] INFO	: [32m정답입니다![0m
[2024-06-06 03:33:30,226] INFO	: ==================== [채점 결과] ====================
[2024-06-06 03:33:30,226] INFO	: 최종 채점 결과: [32m정답입니다![0m
[2024-06-06 03:33:30,226] INFO	: 실행 시간: 58 ms
[2024-06-06 03:33:30,226] INFO	: 사용 메모리: 304 KB
[2024-06-06 03:33:30,226] INFO	: 코드 길이: 47 B
[2024-06-06 03:33:30,226] INFO	: 채점 결과: [Accepted] All Testcases Passed!
[2024-06-06 03:33:30,226] INFO	: 테스트케이스 세부 결과:
[테스트케이스 1] 정답입니다! (57 ms, 304 KB, 'all 2 lines, 3 tokens all matched')
[테스트케이스 2] 정답입니다! (57 ms, 208 KB, 'all 2 lines, 3 tokens all matched')
[테스트케이스 3] 정답입니다! (58 ms, 208 KB, 'all 2 lines, 3 tokens all matched')
[테스트케이스 4] 정답입니다! (58 ms, 208 KB, 'all 2 lines, 3 tokens all matched')
[테스트케이스 5] 정답입니다! (57 ms, 208 KB, 'all 2 lines, 3 tokens all matched')
[테스트케이스 6] 정답입니다! (57 ms, 208 KB, 'all 2 lines, 3 tokens all matched')
[테스트케이스 7] 정답입니다! (57 ms, 240 KB, 'all 2 lines, 3 tokens all matched')
[테스트케이스 8] 정답입니다! (57 ms, 224 KB, 'all 2 lines, 3 tokens all matched')
[테스트케이스 9] 정답입니다! (57 ms, 208 KB, 'all 2 lines, 3 tokens all matched')
[테스트케이스 10] 정답입니다! (57 ms, 208 KB, 'all 2 lines, 3 tokens all matched')
[2024-06-06 03:33:30,227] INFO	: =====================================================
